  [1m[35m (0.1ms)[0m  [1m[35mDROP DATABASE IF EXISTS "rails_react_development"[0m
  [1m[35m (0.1ms)[0m  [1m[35mDROP DATABASE IF EXISTS "rails_react_test"[0m
  [1m[35m (1.4ms)[0m  [1m[35mCREATE DATABASE "rails_react_development" ENCODING = 'unicode'[0m
  [1m[35m (0.3ms)[0m  [1m[35mDROP DATABASE IF EXISTS "rails_react_development"[0m
  [1m[35m (0.1ms)[0m  [1m[35mDROP DATABASE IF EXISTS "rails_react_test"[0m
  [1m[35m (248.0ms)[0m  [1m[35mCREATE DATABASE "rails_react_development" ENCODING = 'unicode'[0m
  [1m[35m (80.2ms)[0m  [1m[35mCREATE DATABASE "rails_react_test" ENCODING = 'unicode'[0m
Started GET "/" for 127.0.0.1 at 2022-04-26 08:50:32 +0100
Processing by Rails::WelcomeController#index as HTML
  Rendering /home/anselemcodes/.rbenv/versions/3.0.3/lib/ruby/gems/3.0.0/gems/railties-7.0.2.3/lib/rails/templates/rails/welcome/index.html.erb
  Rendered /home/anselemcodes/.rbenv/versions/3.0.3/lib/ruby/gems/3.0.0/gems/railties-7.0.2.3/lib/rails/templates/rails/welcome/index.html.erb (Duration: 3.2ms | Allocations: 829)
Completed 200 OK in 41ms (Views: 11.4ms | ActiveRecord: 0.0ms | Allocations: 7637)


Started GET "/v1/greetings" for 127.0.0.1 at 2022-04-26 09:04:28 +0100
Processing by V1::GreetingsController#index as JSON
Completed 200 OK in 1ms (Views: 0.5ms | Allocations: 353)


Started GET "/v1/greetings" for 127.0.0.1 at 2022-04-26 09:05:08 +0100
Processing by V1::GreetingsController#index as JSON
Completed 200 OK in 1ms (Views: 0.2ms | Allocations: 259)


Started GET "/v1/greetings" for 127.0.0.1 at 2022-04-26 09:11:48 +0100
  [1m[35m (31.6ms)[0m  [1m[35mCREATE TABLE "schema_migrations" ("version" character varying NOT NULL PRIMARY KEY)[0m
  [1m[35m (8.6ms)[0m  [1m[35mCREATE TABLE "ar_internal_metadata" ("key" character varying NOT NULL PRIMARY KEY, "value" character varying, "created_at" timestamp(6) NOT NULL, "updated_at" timestamp(6) NOT NULL)[0m
  [1m[36mActiveRecord::SchemaMigration Pluck (0.9ms)[0m  [1m[34mSELECT "schema_migrations"."version" FROM "schema_migrations" ORDER BY "schema_migrations"."version" ASC[0m
  
ActiveRecord::PendingMigrationError (

Migrations are pending. To resolve this issue, run:

        bin/rails db:migrate RAILS_ENV=development

You have 1 pending migration:

20220426080724_create_greetings.rb


):
  
activerecord (7.0.2.3) lib/active_record/migration.rb:627:in `check_pending!'
activerecord (7.0.2.3) lib/active_record/migration.rb:592:in `block (2 levels) in call'
activesupport (7.0.2.3) lib/active_support/file_update_checker.rb:83:in `execute'
activesupport (7.0.2.3) lib/active_support/file_update_checker.rb:93:in `execute_if_updated'
activerecord (7.0.2.3) lib/active_record/migration.rb:599:in `block in call'
activerecord (7.0.2.3) lib/active_record/migration.rb:589:in `synchronize'
activerecord (7.0.2.3) lib/active_record/migration.rb:589:in `call'
actionpack (7.0.2.3) lib/action_dispatch/middleware/callbacks.rb:27:in `block in call'
activesupport (7.0.2.3) lib/active_support/callbacks.rb:99:in `run_callbacks'
actionpack (7.0.2.3) lib/action_dispatch/middleware/callbacks.rb:26:in `call'
actionpack (7.0.2.3) lib/action_dispatch/middleware/executor.rb:14:in `call'
actionpack (7.0.2.3) lib/action_dispatch/middleware/actionable_exceptions.rb:17:in `call'
actionpack (7.0.2.3) lib/action_dispatch/middleware/debug_exceptions.rb:28:in `call'
web-console (4.2.0) lib/web_console/middleware.rb:132:in `call_app'
web-console (4.2.0) lib/web_console/middleware.rb:28:in `block in call'
web-console (4.2.0) lib/web_console/middleware.rb:17:in `catch'
web-console (4.2.0) lib/web_console/middleware.rb:17:in `call'
actionpack (7.0.2.3) lib/action_dispatch/middleware/show_exceptions.rb:26:in `call'
railties (7.0.2.3) lib/rails/rack/logger.rb:36:in `call_app'
railties (7.0.2.3) lib/rails/rack/logger.rb:25:in `block in call'
activesupport (7.0.2.3) lib/active_support/tagged_logging.rb:99:in `block in tagged'
activesupport (7.0.2.3) lib/active_support/tagged_logging.rb:37:in `tagged'
activesupport (7.0.2.3) lib/active_support/tagged_logging.rb:99:in `tagged'
railties (7.0.2.3) lib/rails/rack/logger.rb:25:in `call'
sprockets-rails (3.4.2) lib/sprockets/rails/quiet_assets.rb:13:in `call'
actionpack (7.0.2.3) lib/action_dispatch/middleware/remote_ip.rb:93:in `call'
actionpack (7.0.2.3) lib/action_dispatch/middleware/request_id.rb:26:in `call'
rack (2.2.3) lib/rack/method_override.rb:24:in `call'
rack (2.2.3) lib/rack/runtime.rb:22:in `call'
activesupport (7.0.2.3) lib/active_support/cache/strategy/local_cache_middleware.rb:29:in `call'
actionpack (7.0.2.3) lib/action_dispatch/middleware/server_timing.rb:20:in `call'
actionpack (7.0.2.3) lib/action_dispatch/middleware/executor.rb:14:in `call'
actionpack (7.0.2.3) lib/action_dispatch/middleware/static.rb:23:in `call'
rack (2.2.3) lib/rack/sendfile.rb:110:in `call'
actionpack (7.0.2.3) lib/action_dispatch/middleware/host_authorization.rb:137:in `call'
webpacker (5.4.3) lib/webpacker/dev_server_proxy.rb:25:in `perform_request'
rack-proxy (0.7.2) lib/rack/proxy.rb:67:in `call'
railties (7.0.2.3) lib/rails/engine.rb:530:in `call'
puma (5.6.4) lib/puma/configuration.rb:252:in `call'
puma (5.6.4) lib/puma/request.rb:77:in `block in handle_request'
puma (5.6.4) lib/puma/thread_pool.rb:340:in `with_force_shutdown'
puma (5.6.4) lib/puma/request.rb:76:in `handle_request'
puma (5.6.4) lib/puma/server.rb:441:in `process_client'
puma (5.6.4) lib/puma/thread_pool.rb:147:in `block in spawn_thread'
  [1m[35m (0.3ms)[0m  [1m[34mSELECT pg_try_advisory_lock(1910206048743585600)[0m
  [1m[36mActiveRecord::SchemaMigration Pluck (0.7ms)[0m  [1m[34mSELECT "schema_migrations"."version" FROM "schema_migrations" ORDER BY "schema_migrations"."version" ASC[0m
Migrating to CreateGreetings (20220426080724)
  [1m[36mTRANSACTION (0.5ms)[0m  [1m[35mBEGIN[0m
  [1m[35m (9.9ms)[0m  [1m[35mCREATE TABLE "greetings" ("id" bigserial primary key, "message" character varying, "created_at" timestamp(6) NOT NULL, "updated_at" timestamp(6) NOT NULL)[0m
  [1m[36mActiveRecord::SchemaMigration Create (0.6ms)[0m  [1m[32mINSERT INTO "schema_migrations" ("version") VALUES ($1) RETURNING "version"[0m  [["version", "20220426080724"]]
  [1m[36mTRANSACTION (1.6ms)[0m  [1m[35mCOMMIT[0m
  [1m[36mActiveRecord::InternalMetadata Load (0.3ms)[0m  [1m[34mSELECT "ar_internal_metadata".* FROM "ar_internal_metadata" WHERE "ar_internal_metadata"."key" = $1 LIMIT $2[0m  [["key", "environment"], ["LIMIT", 1]]
  [1m[36mTRANSACTION (0.1ms)[0m  [1m[35mBEGIN[0m
  [1m[36mActiveRecord::InternalMetadata Create (0.9ms)[0m  [1m[32mINSERT INTO "ar_internal_metadata" ("key", "value", "created_at", "updated_at") VALUES ($1, $2, $3, $4) RETURNING "key"[0m  [["key", "environment"], ["value", "development"], ["created_at", "2022-04-26 08:11:59.451804"], ["updated_at", "2022-04-26 08:11:59.451804"]]
  [1m[36mTRANSACTION (0.7ms)[0m  [1m[35mCOMMIT[0m
  [1m[35m (0.3ms)[0m  [1m[34mSELECT pg_advisory_unlock(1910206048743585600)[0m
  [1m[36mActiveRecord::SchemaMigration Pluck (0.7ms)[0m  [1m[34mSELECT "schema_migrations"."version" FROM "schema_migrations" ORDER BY "schema_migrations"."version" ASC[0m
Started GET "/v1/greetings" for 127.0.0.1 at 2022-04-26 09:12:06 +0100
  [1m[36mActiveRecord::SchemaMigration Pluck (0.6ms)[0m  [1m[34mSELECT "schema_migrations"."version" FROM "schema_migrations" ORDER BY "schema_migrations"."version" ASC[0m
Processing by V1::GreetingsController#index as JSON
Completed 200 OK in 2ms (Views: 0.6ms | ActiveRecord: 0.0ms | Allocations: 264)


  [1m[36mTRANSACTION (0.3ms)[0m  [1m[35mBEGIN[0m
  [1m[36mGreeting Create (1.0ms)[0m  [1m[32mINSERT INTO "greetings" ("message", "created_at", "updated_at") VALUES ($1, $2, $3) RETURNING "id"[0m  [["message", "Hello from the command line"], ["created_at", "2022-04-26 08:13:56.202787"], ["updated_at", "2022-04-26 08:13:56.202787"]]
  [1m[36mTRANSACTION (1.6ms)[0m  [1m[35mCOMMIT[0m
  [1m[36mTRANSACTION (0.2ms)[0m  [1m[35mBEGIN[0m
  [1m[36mGreeting Create (0.5ms)[0m  [1m[32mINSERT INTO "greetings" ("message", "created_at", "updated_at") VALUES ($1, $2, $3) RETURNING "id"[0m  [["message", "Hello from the rails console"], ["created_at", "2022-04-26 08:14:23.430553"], ["updated_at", "2022-04-26 08:14:23.430553"]]
  [1m[36mTRANSACTION (4.0ms)[0m  [1m[35mCOMMIT[0m
  [1m[36mTRANSACTION (0.2ms)[0m  [1m[35mBEGIN[0m
  [1m[36mGreeting Create (0.4ms)[0m  [1m[32mINSERT INTO "greetings" ("message", "created_at", "updated_at") VALUES ($1, $2, $3) RETURNING "id"[0m  [["message", "Yea, I am sttil here"], ["created_at", "2022-04-26 08:14:37.257748"], ["updated_at", "2022-04-26 08:14:37.257748"]]
  [1m[36mTRANSACTION (3.4ms)[0m  [1m[35mCOMMIT[0m
  [1m[36mTRANSACTION (0.2ms)[0m  [1m[35mBEGIN[0m
  [1m[36mGreeting Create (0.4ms)[0m  [1m[32mINSERT INTO "greetings" ("message", "created_at", "updated_at") VALUES ($1, $2, $3) RETURNING "id"[0m  [["message", "Still keeping..."], ["created_at", "2022-04-26 08:14:52.328341"], ["updated_at", "2022-04-26 08:14:52.328341"]]
  [1m[36mTRANSACTION (3.4ms)[0m  [1m[35mCOMMIT[0m
  [1m[36mTRANSACTION (0.2ms)[0m  [1m[35mBEGIN[0m
  [1m[36mGreeting Create (0.4ms)[0m  [1m[32mINSERT INTO "greetings" ("message", "created_at", "updated_at") VALUES ($1, $2, $3) RETURNING "id"[0m  [["message", "You know I got you for days..."], ["created_at", "2022-04-26 08:15:11.232279"], ["updated_at", "2022-04-26 08:15:11.232279"]]
  [1m[36mTRANSACTION (4.0ms)[0m  [1m[35mCOMMIT[0m
Started GET "/v1/greetings" for 127.0.0.1 at 2022-04-26 09:18:46 +0100
Processing by V1::GreetingsController#index as JSON
  [1m[36mGreeting Count (1.7ms)[0m  [1m[34mSELECT COUNT(*) FROM "greetings"[0m
  ↳ app/controllers/v1/greetings_controller.rb:3:in `index'
  [1m[36mGreeting Load (1.0ms)[0m  [1m[34mSELECT "greetings".* FROM "greetings" ORDER BY "greetings"."id" ASC LIMIT $1 OFFSET $2[0m  [["LIMIT", 1], ["OFFSET", 0]]
  ↳ app/controllers/v1/greetings_controller.rb:4:in `index'
Completed 200 OK in 70ms (Views: 1.3ms | ActiveRecord: 26.9ms | Allocations: 10008)


Started GET "/v1/greetings" for 127.0.0.1 at 2022-04-26 09:19:09 +0100
Processing by V1::GreetingsController#index as JSON
  [1m[36mGreeting Count (0.5ms)[0m  [1m[34mSELECT COUNT(*) FROM "greetings"[0m
  ↳ app/controllers/v1/greetings_controller.rb:3:in `index'
  [1m[36mGreeting Load (0.5ms)[0m  [1m[34mSELECT "greetings".* FROM "greetings" ORDER BY "greetings"."id" ASC LIMIT $1 OFFSET $2[0m  [["LIMIT", 1], ["OFFSET", 1]]
  ↳ app/controllers/v1/greetings_controller.rb:4:in `index'
Completed 200 OK in 26ms (Views: 0.5ms | ActiveRecord: 6.7ms | Allocations: 3690)


Started GET "/v1/greetings" for 127.0.0.1 at 2022-04-26 09:19:13 +0100
Processing by V1::GreetingsController#index as JSON
  [1m[36mGreeting Count (0.6ms)[0m  [1m[34mSELECT COUNT(*) FROM "greetings"[0m
  ↳ app/controllers/v1/greetings_controller.rb:3:in `index'
  [1m[36mGreeting Load (0.5ms)[0m  [1m[34mSELECT "greetings".* FROM "greetings" ORDER BY "greetings"."id" ASC LIMIT $1 OFFSET $2[0m  [["LIMIT", 1], ["OFFSET", 4]]
  ↳ app/controllers/v1/greetings_controller.rb:4:in `index'
Completed 200 OK in 13ms (Views: 0.4ms | ActiveRecord: 1.1ms | Allocations: 1318)


Started GET "/v1/greetings" for 127.0.0.1 at 2022-04-26 09:20:30 +0100
Processing by V1::GreetingsController#index as JSON
Completed 500 Internal Server Error in 31ms (ActiveRecord: 0.0ms | Allocations: 4257)


  
NoMethodError (undefined method `random_value' for Greeting:Class):
  
app/controllers/v1/greetings_controller.rb:5:in `index'
Started GET "/v1/greetings" for 127.0.0.1 at 2022-04-26 09:20:38 +0100
Processing by V1::GreetingsController#index as JSON
  [1m[36mGreeting Count (5.2ms)[0m  [1m[34mSELECT COUNT(*) FROM "greetings"[0m
  ↳ app/models/greeting.rb:3:in `random_value'
  [1m[36mGreeting Load (0.4ms)[0m  [1m[34mSELECT "greetings".* FROM "greetings" ORDER BY "greetings"."id" ASC LIMIT $1 OFFSET $2[0m  [["LIMIT", 1], ["OFFSET", 0]]
  ↳ app/models/greeting.rb:4:in `random_value'
Completed 200 OK in 27ms (Views: 0.4ms | ActiveRecord: 11.1ms | Allocations: 3782)


Started GET "/v1/greetings" for 127.0.0.1 at 2022-04-26 09:20:52 +0100
Processing by V1::GreetingsController#index as JSON
  [1m[36mGreeting Count (0.4ms)[0m  [1m[34mSELECT COUNT(*) FROM "greetings"[0m
  ↳ app/models/greeting.rb:3:in `random_value'
  [1m[36mGreeting Load (0.5ms)[0m  [1m[34mSELECT "greetings".* FROM "greetings" ORDER BY "greetings"."id" ASC LIMIT $1 OFFSET $2[0m  [["LIMIT", 1], ["OFFSET", 1]]
  ↳ app/models/greeting.rb:4:in `random_value'
Completed 200 OK in 27ms (Views: 0.4ms | ActiveRecord: 8.0ms | Allocations: 3685)


Started GET "/v1/greetings" for 127.0.0.1 at 2022-04-26 09:20:54 +0100
Processing by V1::GreetingsController#index as JSON
  [1m[36mGreeting Count (1.1ms)[0m  [1m[34mSELECT COUNT(*) FROM "greetings"[0m
  ↳ app/models/greeting.rb:3:in `random_value'
  [1m[36mGreeting Load (1.1ms)[0m  [1m[34mSELECT "greetings".* FROM "greetings" ORDER BY "greetings"."id" ASC LIMIT $1 OFFSET $2[0m  [["LIMIT", 1], ["OFFSET", 0]]
  ↳ app/models/greeting.rb:4:in `random_value'
Completed 200 OK in 14ms (Views: 0.4ms | ActiveRecord: 2.2ms | Allocations: 1305)


Started GET "/v1/greetings" for 127.0.0.1 at 2022-04-26 09:20:56 +0100
Processing by V1::GreetingsController#index as JSON
  [1m[36mGreeting Count (1.8ms)[0m  [1m[34mSELECT COUNT(*) FROM "greetings"[0m
  ↳ app/models/greeting.rb:3:in `random_value'
  [1m[36mGreeting Load (0.4ms)[0m  [1m[34mSELECT "greetings".* FROM "greetings" ORDER BY "greetings"."id" ASC LIMIT $1 OFFSET $2[0m  [["LIMIT", 1], ["OFFSET", 3]]
  ↳ app/models/greeting.rb:4:in `random_value'
Completed 200 OK in 10ms (Views: 0.4ms | ActiveRecord: 2.2ms | Allocations: 1299)


Started GET "/v1/greetings" for 127.0.0.1 at 2022-04-26 09:28:57 +0100
Processing by V1::GreetingsController#index as JSON
  [1m[36mGreeting Count (1.0ms)[0m  [1m[34mSELECT COUNT(*) FROM "greetings"[0m
  ↳ app/models/greeting.rb:3:in `random_value'
  [1m[36mGreeting Load (0.5ms)[0m  [1m[34mSELECT "greetings".* FROM "greetings" ORDER BY "greetings"."id" ASC LIMIT $1 OFFSET $2[0m  [["LIMIT", 1], ["OFFSET", 4]]
  ↳ app/models/greeting.rb:4:in `random_value'
Completed 200 OK in 32ms (Views: 0.4ms | ActiveRecord: 10.4ms | Allocations: 5906)


Started GET "/" for 127.0.0.1 at 2022-04-26 09:29:04 +0100
Processing by StaticController#index as HTML
  Rendering layout layouts/application.html.erb
  Rendering static/index.html.erb within layouts/application
  Rendered static/index.html.erb within layouts/application (Duration: 3.3ms | Allocations: 770)
  Rendered layout layouts/application.html.erb (Duration: 946.1ms | Allocations: 100737)
Completed 200 OK in 951ms (Views: 949.7ms | ActiveRecord: 0.0ms | Allocations: 101989)


Started GET "/" for 127.0.0.1 at 2022-04-26 09:29:13 +0100
Processing by StaticController#index as HTML
  Rendering layout layouts/application.html.erb
  Rendering static/index.html.erb within layouts/application
  Rendered static/index.html.erb within layouts/application (Duration: 2.5ms | Allocations: 391)
  Rendered layout layouts/application.html.erb (Duration: 10.7ms | Allocations: 2787)
Completed 200 OK in 13ms (Views: 11.7ms | ActiveRecord: 0.0ms | Allocations: 3147)


Started GET "/" for 127.0.0.1 at 2022-04-26 09:29:38 +0100
Processing by StaticController#index as HTML
  Rendering layout layouts/application.html.erb
  Rendering static/index.html.erb within layouts/application
  Rendered static/index.html.erb within layouts/application (Duration: 8.5ms | Allocations: 652)
  Rendered layout layouts/application.html.erb (Duration: 21.2ms | Allocations: 3436)
Completed 200 OK in 29ms (Views: 26.1ms | ActiveRecord: 0.0ms | Allocations: 4590)


Started GET "/" for 127.0.0.1 at 2022-04-26 09:30:12 +0100
Processing by StaticController#index as HTML
  Rendering layout layouts/application.html.erb
  Rendering static/index.html.erb within layouts/application
  Rendered static/index.html.erb within layouts/application (Duration: 3.3ms | Allocations: 647)
  Rendered layout layouts/application.html.erb (Duration: 13.4ms | Allocations: 3447)
Completed 200 OK in 20ms (Views: 17.4ms | ActiveRecord: 0.0ms | Allocations: 4619)


Started GET "/" for 127.0.0.1 at 2022-04-26 09:30:57 +0100
Processing by StaticController#index as HTML
  Rendering layout layouts/application.html.erb
  Rendering static/index.html.erb within layouts/application
  Rendered static/index.html.erb within layouts/application (Duration: 4.9ms | Allocations: 637)
  Rendered layout layouts/application.html.erb (Duration: 17.7ms | Allocations: 3448)
Completed 200 OK in 25ms (Views: 22.2ms | ActiveRecord: 0.0ms | Allocations: 4619)


Started GET "/" for 127.0.0.1 at 2022-04-26 09:38:45 +0100
Processing by StaticController#index as HTML
  Rendering layout layouts/application.html.erb
  Rendering static/index.html.erb within layouts/application
  Rendered static/index.html.erb within layouts/application (Duration: 1.9ms | Allocations: 488)
  Rendered layout layouts/application.html.erb (Duration: 24.3ms | Allocations: 15417)
Completed 200 OK in 27ms (Views: 26.0ms | Allocations: 16332)


Started GET "/" for 127.0.0.1 at 2022-04-26 09:41:00 +0100
Processing by StaticController#index as HTML
  Rendering layout layouts/application.html.erb
  Rendering static/index.html.erb within layouts/application
  Rendered static/index.html.erb within layouts/application (Duration: 3.0ms | Allocations: 637)
  Rendered layout layouts/application.html.erb (Duration: 74.8ms | Allocations: 15759)
Completed 200 OK in 80ms (Views: 77.9ms | Allocations: 17004)


Started GET "/" for 127.0.0.1 at 2022-04-26 09:41:04 +0100
Processing by StaticController#index as HTML
  Rendering layout layouts/application.html.erb
  Rendering static/index.html.erb within layouts/application
  Rendered static/index.html.erb within layouts/application (Duration: 2.0ms | Allocations: 488)
  Rendered layout layouts/application.html.erb (Duration: 45.0ms | Allocations: 15485)
Completed 200 OK in 50ms (Views: 48.3ms | Allocations: 16401)


Started GET "/" for 127.0.0.1 at 2022-04-26 09:41:16 +0100
Processing by StaticController#index as HTML
  Rendering layout layouts/application.html.erb
  Rendering static/index.html.erb within layouts/application
  Rendered static/index.html.erb within layouts/application (Duration: 2.3ms | Allocations: 488)
  Rendered layout layouts/application.html.erb (Duration: 45.9ms | Allocations: 15471)
Completed 200 OK in 50ms (Views: 48.7ms | Allocations: 16386)


Started GET "/" for 127.0.0.1 at 2022-04-26 09:41:25 +0100
Processing by StaticController#index as HTML
  Rendering layout layouts/application.html.erb
  Rendering static/index.html.erb within layouts/application
  Rendered static/index.html.erb within layouts/application (Duration: 3.8ms | Allocations: 488)
  Rendered layout layouts/application.html.erb (Duration: 66.7ms | Allocations: 15434)
Completed 200 OK in 77ms (Views: 75.0ms | Allocations: 16349)


Started GET "/" for 127.0.0.1 at 2022-04-26 09:41:44 +0100
Processing by StaticController#index as HTML
  Rendering layout layouts/application.html.erb
  Rendering static/index.html.erb within layouts/application
  Rendered static/index.html.erb within layouts/application (Duration: 2.0ms | Allocations: 488)
  Rendered layout layouts/application.html.erb (Duration: 58.9ms | Allocations: 15419)
Completed 200 OK in 64ms (Views: 62.8ms | Allocations: 16334)


Started GET "/" for 127.0.0.1 at 2022-04-26 09:41:55 +0100
Processing by StaticController#index as HTML
  Rendering layout layouts/application.html.erb
  Rendering static/index.html.erb within layouts/application
  Rendered static/index.html.erb within layouts/application (Duration: 3.1ms | Allocations: 488)
  Rendered layout layouts/application.html.erb (Duration: 140.3ms | Allocations: 15416)
Completed 200 OK in 150ms (Views: 148.3ms | Allocations: 16332)


Started GET "/" for 127.0.0.1 at 2022-04-26 09:42:04 +0100
Processing by StaticController#index as HTML
  Rendering layout layouts/application.html.erb
  Rendering static/index.html.erb within layouts/application
  Rendered static/index.html.erb within layouts/application (Duration: 1.6ms | Allocations: 488)
  Rendered layout layouts/application.html.erb (Duration: 28.8ms | Allocations: 15532)
Completed 200 OK in 32ms (Views: 31.5ms | Allocations: 16448)


Started GET "/" for 127.0.0.1 at 2022-04-26 09:43:33 +0100
Processing by StaticController#index as HTML
  Rendering layout layouts/application.html.erb
  Rendering static/index.html.erb within layouts/application
  Rendered static/index.html.erb within layouts/application (Duration: 1.5ms | Allocations: 488)
  Rendered layout layouts/application.html.erb (Duration: 22.0ms | Allocations: 15481)
Completed 200 OK in 25ms (Views: 24.2ms | Allocations: 16396)


Started GET "/" for 127.0.0.1 at 2022-04-26 09:43:39 +0100
Processing by StaticController#index as HTML
  Rendering layout layouts/application.html.erb
  Rendering static/index.html.erb within layouts/application
  Rendered static/index.html.erb within layouts/application (Duration: 1.6ms | Allocations: 488)
  Rendered layout layouts/application.html.erb (Duration: 31.8ms | Allocations: 15416)
Completed 200 OK in 35ms (Views: 34.1ms | Allocations: 16331)


Started GET "/" for 127.0.0.1 at 2022-04-26 09:43:42 +0100
Processing by StaticController#index as HTML
  Rendering layout layouts/application.html.erb
  Rendering static/index.html.erb within layouts/application
  Rendered static/index.html.erb within layouts/application (Duration: 2.7ms | Allocations: 488)
  Rendered layout layouts/application.html.erb (Duration: 61.5ms | Allocations: 15431)
Completed 200 OK in 67ms (Views: 64.8ms | Allocations: 16347)


Started GET "/" for 127.0.0.1 at 2022-04-26 09:43:52 +0100
Processing by StaticController#index as HTML
  Rendering layout layouts/application.html.erb
  Rendering static/index.html.erb within layouts/application
  Rendered static/index.html.erb within layouts/application (Duration: 4.5ms | Allocations: 488)
  Rendered layout layouts/application.html.erb (Duration: 74.9ms | Allocations: 15411)
Completed 200 OK in 80ms (Views: 78.7ms | Allocations: 16326)


Started GET "/" for 127.0.0.1 at 2022-04-26 09:44:08 +0100
Processing by StaticController#index as HTML
  Rendering layout layouts/application.html.erb
  Rendering static/index.html.erb within layouts/application
  Rendered static/index.html.erb within layouts/application (Duration: 2.5ms | Allocations: 488)
  Rendered layout layouts/application.html.erb (Duration: 53.8ms | Allocations: 15524)
Completed 200 OK in 58ms (Views: 56.8ms | Allocations: 16440)


Started GET "/" for 127.0.0.1 at 2022-04-26 09:44:14 +0100
Processing by StaticController#index as HTML
  Rendering layout layouts/application.html.erb
  Rendering static/index.html.erb within layouts/application
  Rendered static/index.html.erb within layouts/application (Duration: 2.7ms | Allocations: 488)
  Rendered layout layouts/application.html.erb (Duration: 46.5ms | Allocations: 15464)
Completed 200 OK in 51ms (Views: 49.5ms | Allocations: 16379)


Started GET "/" for 127.0.0.1 at 2022-04-26 09:44:19 +0100
Processing by StaticController#index as HTML
  Rendering layout layouts/application.html.erb
  Rendering static/index.html.erb within layouts/application
  Rendered static/index.html.erb within layouts/application (Duration: 2.4ms | Allocations: 488)
  Rendered layout layouts/application.html.erb (Duration: 65.0ms | Allocations: 15416)
Completed 200 OK in 76ms (Views: 73.1ms | Allocations: 16331)


Started GET "/" for 127.0.0.1 at 2022-04-26 09:44:25 +0100
Processing by StaticController#index as HTML
  Rendering layout layouts/application.html.erb
  Rendering static/index.html.erb within layouts/application
  Rendered static/index.html.erb within layouts/application (Duration: 2.2ms | Allocations: 488)
  Rendered layout layouts/application.html.erb (Duration: 55.0ms | Allocations: 15407)
Completed 200 OK in 60ms (Views: 58.9ms | Allocations: 16323)


Started GET "/" for 127.0.0.1 at 2022-04-26 09:44:38 +0100
Processing by StaticController#index as HTML
  Rendering layout layouts/application.html.erb
  Rendering static/index.html.erb within layouts/application
  Rendered static/index.html.erb within layouts/application (Duration: 2.6ms | Allocations: 488)
  Rendered layout layouts/application.html.erb (Duration: 30.4ms | Allocations: 15500)
Completed 200 OK in 35ms (Views: 33.9ms | Allocations: 16416)


Started GET "/" for 127.0.0.1 at 2022-04-26 09:45:37 +0100
Processing by StaticController#index as HTML
  Rendering layout layouts/application.html.erb
  Rendering static/index.html.erb within layouts/application
  Rendered static/index.html.erb within layouts/application (Duration: 3.4ms | Allocations: 626)
  Rendered layout layouts/application.html.erb (Duration: 10.9ms | Allocations: 3421)
Completed 200 OK in 21ms (Views: 19.4ms | Allocations: 4607)


Started GET "/" for 127.0.0.1 at 2022-04-26 09:45:53 +0100
Processing by StaticController#index as HTML
  Rendering layout layouts/application.html.erb
  Rendering static/index.html.erb within layouts/application
  Rendered static/index.html.erb within layouts/application (Duration: 1.8ms | Allocations: 473)
  Rendered layout layouts/application.html.erb (Duration: 78.6ms | Allocations: 15501)
Completed 200 OK in 87ms (Views: 83.3ms | Allocations: 16417)


Started GET "/" for 127.0.0.1 at 2022-04-26 09:45:58 +0100
Processing by StaticController#index as HTML
  Rendering layout layouts/application.html.erb
  Rendering static/index.html.erb within layouts/application
  Rendered static/index.html.erb within layouts/application (Duration: 1.3ms | Allocations: 371)
  Rendered layout layouts/application.html.erb (Duration: 8.2ms | Allocations: 2763)
Completed 200 OK in 12ms (Views: 10.8ms | Allocations: 3121)


